00:08:10: Creating resource group General
00:08:10: Creating resource group Internal
00:08:10: Creating resource group Autodetect
00:08:10: SceneManagerFactory for type 'DefaultSceneManager' registered.
00:08:10: Registering ResourceManager for type Material
00:08:10: Registering ResourceManager for type Mesh
00:08:10: Registering ResourceManager for type Skeleton
00:08:10: MovableObjectFactory for type 'ParticleSystem' registered.
00:08:10: OverlayElementFactory for type Panel registered.
00:08:10: OverlayElementFactory for type BorderPanel registered.
00:08:10: OverlayElementFactory for type TextArea registered.
00:08:10: Registering ResourceManager for type Font
00:08:10: ArchiveFactory for archive type FileSystem registered.
00:08:10: ArchiveFactory for archive type Zip registered.
00:08:10: DDS codec registering
00:08:10: FreeImage version: 3.10.0
00:08:10: This program uses FreeImage, a free, open source image library supporting all common bitmap formats. See http://freeimage.sourceforge.net for details
00:08:10: Supported formats: bmp,ico,jpg,jif,jpeg,jpe,jng,koa,iff,lbm,mng,pbm,pbm,pcd,pcx,pgm,pgm,png,ppm,ppm,ras,tga,targa,tif,tiff,wap,wbmp,wbm,psd,cut,xbm,xpm,gif,hdr,g3,sgi,exr,j2k,j2c,jp2
00:08:10: Registering ResourceManager for type HighLevelGpuProgram
00:08:10: Registering ResourceManager for type Compositor
00:08:10: MovableObjectFactory for type 'Entity' registered.
00:08:10: MovableObjectFactory for type 'Light' registered.
00:08:10: MovableObjectFactory for type 'BillboardSet' registered.
00:08:10: MovableObjectFactory for type 'ManualObject' registered.
00:08:10: MovableObjectFactory for type 'BillboardChain' registered.
00:08:10: MovableObjectFactory for type 'RibbonTrail' registered.
00:08:10: *-*-* OGRE Initialising
00:08:10: *-*-* Version 1.7.0 (Cthugha)
00:08:10: Loading library /usr/local/lib/OGRE/RenderSystem_GL
00:08:11: Installing plugin: GL RenderSystem
00:08:11: OpenGL Rendering Subsystem created.
00:08:11: Plugin successfully installed
00:08:11: Loading library /usr/local/lib/OGRE/Plugin_CgProgramManager
00:08:12: Installing plugin: Cg Program Manager
00:08:12: Plugin successfully installed
00:08:12: CPU Identifier & Features
00:08:12: -------------------------
00:08:12:  *   CPU ID: AuthenticAMD: AMD Athlon(tm) 64 Processor 3000+
00:08:12:  *      SSE: yes
00:08:12:  *     SSE2: yes
00:08:12:  *     SSE3: no
00:08:12:  *      MMX: yes
00:08:12:  *   MMXEXT: yes
00:08:12:  *    3DNOW: yes
00:08:12:  * 3DNOWEXT: yes
00:08:12:  *     CMOV: yes
00:08:12:  *      TSC: yes
00:08:12:  *      FPU: yes
00:08:12:  *      PRO: yes
00:08:12:  *       HT: no
00:08:12: -------------------------
00:08:12: ******************************
*** Starting GLX Subsystem ***
******************************
00:08:12: GLRenderSystem::_createRenderWindow "OGRE Render Window", 800x600 windowed  miscParams: FSAA=0 displayFrequency=60 MHz gamma= vsync=No 
00:08:12: OGRE EXCEPTION(6:FileNotFoundException): Cannot locate resource GLX_icon.png in resource group General or any other group. in ResourceGroupManager::openResource at /home/libolt/builds/ogre-1.7/OgreMain/src/OgreResourceGroupManager.cpp (line 753)
00:08:12: GLXWindow::create used FBConfigID = 135
00:08:12: GL_VERSION = 2.1 Mesa 7.11-devel
00:08:12: GL_VENDOR = X.Org R300 Project
00:08:12: GL_RENDERER = Gallium 0.4 on ATI RV350
00:08:12: GL_EXTENSIONS = GL_ARB_copy_buffer GL_ARB_depth_texture GL_ARB_draw_buffers GL_ARB_draw_elements_base_vertex GL_ARB_explicit_attrib_location GL_ARB_fragment_coord_conventions GL_ARB_fragment_program GL_ARB_fragment_program_shadow GL_ARB_fragment_shader GL_ARB_framebuffer_object GL_ARB_half_float_pixel GL_ARB_map_buffer_range GL_ARB_multisample GL_ARB_multitexture GL_ARB_occlusion_query2 GL_ARB_occlusion_query GL_ARB_pixel_buffer_object GL_ARB_point_parameters GL_ARB_point_sprite GL_ARB_provoking_vertex GL_ARB_shader_objects GL_ARB_shading_language_100 GL_ARB_shadow GL_ARB_texture_border_clamp GL_ARB_texture_compression GL_ARB_texture_cube_map GL_ARB_texture_env_add GL_ARB_texture_env_combine GL_ARB_texture_env_crossbar GL_ARB_texture_env_dot3 GL_ARB_texture_mirrored_repeat GL_ARB_texture_non_power_of_two GL_ARB_texture_rectangle GL_ARB_texture_rg GL_ARB_transpose_matrix GL_ARB_vertex_array_bgra GL_ARB_vertex_array_object GL_ARB_vertex_buffer_object GL_ARB_vertex_program GL_ARB_vertex_shader GL_ARB_window_pos GL_EXT_abgr GL_EXT_bgra GL_EXT_blend_color GL_EXT_blend_equation_separate GL_EXT_blend_func_separate GL_EXT_blend_logic_op GL_EXT_blend_minmax GL_EXT_blend_subtract GL_EXT_compiled_vertex_array GL_EXT_copy_texture GL_EXT_draw_range_elements GL_EXT_fog_coord GL_EXT_framebuffer_blit GL_EXT_framebuffer_multisample GL_EXT_framebuffer_object GL_EXT_gpu_program_parameters GL_EXT_multi_draw_arrays GL_EXT_packed_depth_stencil GL_EXT_packed_pixels GL_EXT_pixel_buffer_object GL_EXT_point_parameters GL_EXT_polygon_offset GL_EXT_provoking_vertex GL_EXT_rescale_normal GL_EXT_secondary_color GL_EXT_separate_shader_objects GL_EXT_separate_specular_color GL_EXT_shadow_funcs GL_EXT_stencil_two_side GL_EXT_stencil_wrap GL_EXT_subtexture GL_EXT_texture3D GL_EXT_texture_compression_dxt1 GL_EXT_texture_compression_s3tc GL_EXT_texture_cube_map GL_EXT_texture_edge_clamp GL_EXT_texture_env_add GL_EXT_texture_env_combine GL_EXT_texture_env_dot3 GL_EXT_texture_filter_anisotropic GL_EXT_texture_lod_bias GL_EXT_texture_mirror_clamp GL_EXT_texture_object GL_EXT_texture GL_EXT_texture_rectangle GL_EXT_texture_sRGB GL_EXT_texture_sRGB_decode GL_EXT_vertex_array_bgra GL_EXT_vertex_array GL_OES_EGL_image GL_OES_read_format GL_APPLE_packed_pixels GL_APPLE_vertex_array_object GL_ATI_blend_equation_separate GL_ATI_separate_stencil GL_ATI_texture_env_combine3 GL_ATI_texture_mirror_once GL_IBM_multimode_draw_arrays GL_IBM_rasterpos_clip GL_IBM_texture_mirrored_repeat GL_INGR_blend_func_separate GL_MESA_pack_invert GL_MESA_window_pos GL_MESA_ycbcr_texture GL_NV_blend_square GL_NV_conditional_render GL_NV_light_max_exponent GL_NV_packed_depth_stencil GL_NV_texgen_reflection GL_NV_texture_env_combine4 GL_NV_texture_rectangle GL_S3_s3tc GL_SGIS_generate_mipmap GL_SGIS_texture_border_clamp GL_SGIS_texture_edge_clamp GL_SGIS_texture_lod GL_SUN_multi_draw_arrays 
00:08:12: Supported GLX extensions: GLX_ARB_get_proc_address GLX_ARB_multisample GLX_EXT_import_context GLX_EXT_visual_info GLX_EXT_visual_rating GLX_MESA_copy_sub_buffer GLX_OML_swap_method GLX_SGI_make_current_read GLX_SGI_video_sync GLX_SGIS_multisample GLX_SGIX_fbconfig GLX_SGIX_pbuffer GLX_SGIX_visual_select_group GLX_EXT_texture_from_pixmap 
00:08:12: ***************************
00:08:12: *** GL Renderer Started ***
00:08:12: ***************************
00:08:12: Registering ResourceManager for type GpuProgram
00:08:12: GLSL support detected
00:08:12: GL: Using GL_EXT_framebuffer_object for rendering to textures (best)
00:08:12: FBO PF_UNKNOWN depth/stencil support: D0S1 D0S4 D0S8 D0S16 D16S0 D24S0 D32S0 Packed-D24S8 
00:08:12: FBO PF_L8 depth/stencil support: D0S0 D0S1 D0S4 D0S8 D0S16 D16S0 D24S0 D32S0 Packed-D24S8 
00:08:12: FBO PF_A8 depth/stencil support: D0S0 D0S1 D0S4 D0S8 D0S16 D16S0 D24S0 D32S0 Packed-D24S8 
00:08:12: FBO PF_BYTE_LA depth/stencil support: D0S0 D0S1 D0S4 D0S8 D0S16 D16S0 D24S0 D32S0 Packed-D24S8 
00:08:12: FBO PF_R5G6B5 depth/stencil support: D0S0 D0S1 D0S4 D0S8 D0S16 D16S0 D24S0 D32S0 Packed-D24S8 
00:08:12: FBO PF_B5G6R5 depth/stencil support: D0S0 D0S1 D0S4 D0S8 D0S16 D16S0 D24S0 D32S0 Packed-D24S8 
00:08:12: FBO PF_A4R4G4B4 depth/stencil support: D0S0 D0S1 D0S4 D0S8 D0S16 D16S0 D24S0 D32S0 Packed-D24S8 
00:08:12: FBO PF_A1R5G5B5 depth/stencil support: D0S0 D0S1 D0S4 D0S8 D0S16 D16S0 D24S0 D32S0 Packed-D24S8 
00:08:12: FBO PF_R8G8B8 depth/stencil support: D0S0 D0S1 D0S4 D0S8 D0S16 D16S0 D24S0 D32S0 Packed-D24S8 
00:08:12: FBO PF_B8G8R8 depth/stencil support: D0S0 D0S1 D0S4 D0S8 D0S16 D16S0 D24S0 D32S0 Packed-D24S8 
00:08:12: FBO PF_A8R8G8B8 depth/stencil support: D0S0 D0S1 D0S4 D0S8 D0S16 D16S0 D24S0 D32S0 Packed-D24S8 
00:08:12: FBO PF_B8G8R8A8 depth/stencil support: D0S0 D0S1 D0S4 D0S8 D0S16 D16S0 D24S0 D32S0 Packed-D24S8 
00:08:12: FBO PF_X8R8G8B8 depth/stencil support: D0S0 D0S1 D0S4 D0S8 D0S16 D16S0 D24S0 D32S0 Packed-D24S8 
00:08:12: FBO PF_X8B8G8R8 depth/stencil support: D0S0 D0S1 D0S4 D0S8 D0S16 D16S0 D24S0 D32S0 Packed-D24S8 
00:08:12: FBO PF_SHORT_RGBA depth/stencil support: D0S0 D0S1 D0S4 D0S8 D0S16 D16S0 D24S0 D32S0 Packed-D24S8 
00:08:12: FBO PF_SHORT_RGB depth/stencil support: D0S0 D0S1 D0S4 D0S8 D0S16 D16S0 D24S0 D32S0 Packed-D24S8 
00:08:12: [GL] : Valid FBO targets PF_UNKNOWN PF_L8 PF_A8 PF_BYTE_LA PF_R5G6B5 PF_B5G6R5 PF_A4R4G4B4 PF_A1R5G5B5 PF_R8G8B8 PF_B8G8R8 PF_A8R8G8B8 PF_B8G8R8A8 PF_X8R8G8B8 PF_X8B8G8R8 PF_SHORT_RGBA PF_SHORT_RGB 
00:08:12: RenderSystem capabilities
00:08:12: -------------------------
00:08:12: RenderSystem Name: OpenGL Rendering Subsystem
00:08:12: GPU Vendor: unknown
00:08:12: Device Name: Gallium 0.4 on ATI RV350
00:08:12: Driver Version: 2.1.0.0
00:08:12:  * Fixed function pipeline: yes
00:08:12:  * Hardware generation of mipmaps: yes
00:08:12:  * Texture blending: yes
00:08:12:  * Anisotropic texture filtering: yes
00:08:12:  * Dot product texture operation: yes
00:08:12:  * Cube mapping: yes
00:08:12:  * Hardware stencil buffer: yes
00:08:12:    - Stencil depth: 8
00:08:12:    - Two sided stencil support: yes
00:08:12:    - Wrap stencil values: yes
00:08:12:  * Hardware vertex / index buffers: yes
00:08:12:  * Vertex programs: yes
00:08:12:  * Number of floating-point constants for vertex programs: 1024
00:08:12:  * Number of integer constants for vertex programs: 0
00:08:12:  * Number of boolean constants for vertex programs: 0
00:08:12:  * Fragment programs: yes
00:08:12:  * Number of floating-point constants for fragment programs: 1024
00:08:12:  * Number of integer constants for fragment programs: 0
00:08:12:  * Number of boolean constants for fragment programs: 0
00:08:12:  * Geometry programs: no
00:08:12:  * Number of floating-point constants for geometry programs: 0
00:08:12:  * Number of integer constants for geometry programs: 0
00:08:12:  * Number of boolean constants for geometry programs: 0
00:08:12:  * Supported Shader Profiles: arbfp1 arbvp1 glsl
00:08:12:  * Texture Compression: yes
00:08:12:    - DXT: yes
00:08:12:    - VTC: no
00:08:12:    - PVRTC: no
00:08:12:  * Scissor Rectangle: yes
00:08:12:  * Hardware Occlusion Query: yes
00:08:12:  * User clip planes: yes
00:08:12:  * VET_UBYTE4 vertex element type: yes
00:08:12:  * Infinite far plane projection: yes
00:08:12:  * Hardware render-to-texture: yes
00:08:12:  * Floating point textures: no
00:08:12:  * Non-power-of-two textures: yes
00:08:12:  * Volume textures: yes
00:08:12:  * Multiple Render Targets: 4
00:08:12:    - With different bit depths: yes
00:08:12:  * Point Sprites: yes
00:08:12:  * Extended point parameters: yes
00:08:12:  * Max Point Size: 2560
00:08:12:  * Vertex texture fetch: no
00:08:12:  * Number of world matrices: 0
00:08:12:  * Number of texture units: 16
00:08:12:  * Stencil buffer depth: 8
00:08:12:  * Number of vertex blend matrices: 0
00:08:12:  * Render to Vertex Buffer : no
00:08:12:  * GL 1.5 without VBO workaround: no
00:08:12:  * Frame Buffer objects: yes
00:08:12:  * Frame Buffer objects (ARB extension): no
00:08:12:  * Frame Buffer objects (ATI extension): no
00:08:12:  * PBuffer support: no
00:08:12:  * GL 1.5 without HW-occlusion workaround: no
00:08:12: Registering ResourceManager for type Texture
00:08:12: DefaultWorkQueue('Root') initialising on thread 0x6cfeb0.
00:08:12: Particle Renderer Type 'billboard' registered
00:08:12: DefaultWorkQueue('Root')::WorkerFunc - thread 0x7a6460 starting.
00:08:12: Creating resource group 
00:08:12: Added resource location '../data/Media' of type 'FileSystem' to resource group ''
00:08:12: Added resource location '../data/Media/fonts' of type 'FileSystem' to resource group ''
00:08:12: Added resource location '../data/Media/gui' of type 'FileSystem' to resource group ''
00:08:12: Added resource location '../data/Media/models' of type 'FileSystem' to resource group ''
00:08:12: Added resource location '../data/Media/materials/textures' of type 'FileSystem' to resource group ''
00:08:12: Added resource location '../data/Media/materials/programs' of type 'FileSystem' to resource group ''
00:08:12: Added resource location '../data/Media/materialss/scripts' of type 'FileSystem' to resource group ''
00:08:12: Added resource location '../data/Media/materials' of type 'FileSystem' to resource group ''
00:08:12: Added resource location '../data/Media/overlays' of type 'FileSystem' to resource group ''
00:08:12: Added resource location '../data/Media/packs' of type 'FileSystem' to resource group ''
00:08:12: Added resource location '../data/Media/skins' of type 'FileSystem' to resource group ''
00:08:12: Added resource location '../data/Media/skins/qgui' of type 'FileSystem' to resource group ''
00:08:12: Added resource location '../data/Media/Audio' of type 'FileSystem' to resource group ''
00:08:12: Initialising resource group 
00:08:12: Parsing scripts for resource group 
00:08:12: Parsing script 1.material
00:08:12: Parsing script player2.material
00:08:12: Parsing script 1.material
00:08:12: Parsing script skinTemplate.material
00:08:12: Parsing script micross.fontdef
00:08:12: Parsing script sample.fontdef
00:08:12: Parsing script acmesa.fontdef
00:08:12: Finished parsing scripts for resource group 
00:08:12: GLRenderSystem::_createRenderWindow "Ultimate Basketball Challenge", 800x600 windowed  miscParams: fullscreen=false resolution=800x600 vsync=false 
00:08:12: GLXWindow::create used FBConfigID = 135
00:08:12: *** Initializing OIS ***
00:08:12: playerName == 
00:08:12: modelName = Player.mesh
00:08:12: Mesh: Loading Player.mesh.
00:08:12: Skeleton: Loading Player-Armature.skeleton
00:08:12: WARNING: Player.mesh is an older format ([MeshSerializer_v1.40]); you should upgrade it as soon as possible using the OgreMeshUpgrade tool.
00:08:12: WARNING: the mesh 'Player.mesh' includes vertices without bone assignments. Those vertices will transform to wrong position when skeletal animation enabled. To eliminate this, assign at least one bone assignment per vertex on your mesh.
00:08:12: playerName == 
00:08:12: modelName = Player.mesh
00:08:12: playerName == 
00:08:12: modelName = Player.mesh
00:08:12: playerName == 
00:08:12: modelName = Player.mesh
00:08:12: playerName == 
00:08:12: modelName = Player.mesh
00:08:12: playerName == 
00:08:12: modelName = Player.mesh
00:08:12: playerName == 
00:08:12: modelName = Player.mesh
00:08:12: playerName == 
00:08:12: modelName = Player.mesh
00:08:12: playerName == 
00:08:12: modelName = Player.mesh
00:08:12: playerName == 
00:08:12: modelName = Player.mesh
00:08:12: Mesh: Loading bball.mesh.
00:08:12: WARNING: bball.mesh is an older format ([MeshSerializer_v1.40]); you should upgrade it as soon as possible using the OgreMeshUpgrade tool.
00:08:12: Can't assign material default to SubEntity of basketball because this Material does not exist. Have you forgotten to define it in a .material script?
00:08:12: Mesh: Loading court.mesh.
00:08:12: WARNING: court.mesh is an older format ([MeshSerializer_v1.40]); you should upgrade it as soon as possible using the OgreMeshUpgrade tool.
00:08:12: Texture: court-wood-blue-green.png: Loading 1 faces(PF_A8R8G8B8,1600x640x1) with 10 hardware generated mipmaps from Image. Internal format is PF_A8R8G8B8,1600x640x1.
00:08:12: FPS = 0
00:08:12: oldPlayerDirection = 
00:08:12: erDirection = 
00:08:13: FPS = 0
00:08:13: FPS = 0
00:08:13: FPS = 0
00:08:13: FPS = 0
00:08:13: FPS = 0
00:08:13: FPS = 0
00:08:13: FPS = 0
00:08:13: FPS = 0
00:08:13: FPS = 0
00:08:13: FPS = 0
00:08:13: FPS = 0
00:08:13: FPS = 0
00:08:13: FPS = 0
00:08:13: FPS = 0
00:08:13: FPS = 0
00:08:13: FPS = 0
00:08:13: FPS = 0
00:08:13: FPS = 0
00:08:13: FPS = 0
00:08:13: FPS = 0
00:08:13: FPS = 0
00:08:13: FPS = 0
00:08:13: FPS = 0
00:08:13: FPS = 0
00:08:13: FPS = 0
00:08:13: FPS = 0
00:08:13: FPS = 0
00:08:13: FPS = 0
00:08:13: FPS = 0
00:08:13: FPS = 0
00:08:13: FPS = 0
00:08:13: FPS = 0
00:08:13: FPS = 32.4803
00:08:13: FPS = 32.4803
00:08:13: FPS = 32.4803
00:08:13: FPS = 32.4803
00:08:13: FPS = 32.4803
00:08:13: FPS = 32.4803
00:08:13: FPS = 32.4803
00:08:13: FPS = 32.4803
00:08:13: FPS = 32.4803
00:08:13: FPS = 32.4803
00:08:13: FPS = 32.4803
00:08:13: FPS = 32.4803
00:08:13: FPS = 32.4803
00:08:13: FPS = 32.4803
00:08:13: FPS = 32.4803
00:08:13: FPS = 32.4803
00:08:13: FPS = 32.4803
00:08:13: FPS = 32.4803
00:08:13: FPS = 32.4803
00:08:13: FPS = 32.4803
00:08:13: FPS = 32.4803
00:08:13: FPS = 32.4803
00:08:13: FPS = 32.4803
00:08:13: FPS = 32.4803
00:08:13: FPS = 32.4803
00:08:13: FPS = 32.4803
00:08:13: FPS = 32.4803
00:08:13: FPS = 32.4803
00:08:13: FPS = 32.4803
00:08:13: FPS = 32.4803
00:08:14: FPS = 32.4803
00:08:14: FPS = 32.4803
00:08:14: FPS = 32.4803
00:08:14: FPS = 32.4803
00:08:14: FPS = 32.4803
00:08:14: FPS = 32.4803
00:08:14: FPS = 32.4803
00:08:14: FPS = 32.4803
00:08:14: FPS = 32.4803
00:08:14: FPS = 32.4803
00:08:14: FPS = 32.4803
00:08:14: FPS = 32.4803
00:08:14: FPS = 32.4803
00:08:14: FPS = 32.4803
00:08:14: FPS = 32.4803
00:08:14: FPS = 32.4803
00:08:14: FPS = 32.4803
00:08:14: FPS = 32.4803
00:08:14: FPS = 32.4803
00:08:14: FPS = 32.4803
00:08:14: FPS = 32.4803
00:08:14: FPS = 32.4803
00:08:14: FPS = 32.4803
00:08:14: FPS = 32.4803
00:08:14: FPS = 32.4803
00:08:14: FPS = 32.4803
00:08:14: FPS = 32.4803
00:08:14: FPS = 32.4803
00:08:14: FPS = 32.4803
00:08:14: FPS = 32.4803
00:08:14: FPS = 32.4803
00:08:14: FPS = 60.0394
00:08:14: FPS = 60.0394
00:08:14: FPS = 60.0394
00:08:14: FPS = 60.0394
00:08:14: FPS = 60.0394
00:08:14: FPS = 60.0394
00:08:14: FPS = 60.0394
00:08:14: FPS = 60.0394
00:08:14: FPS = 60.0394
00:08:14: FPS = 60.0394
00:08:14: FPS = 60.0394
00:08:14: FPS = 60.0394
00:08:14: FPS = 60.0394
00:08:14: FPS = 60.0394
00:08:14: FPS = 60.0394
00:08:14: FPS = 60.0394
00:08:14: FPS = 60.0394
00:08:14: FPS = 60.0394
00:08:14: FPS = 60.0394
00:08:14: FPS = 60.0394
00:08:14: FPS = 60.0394
00:08:14: FPS = 60.0394
00:08:14: FPS = 60.0394
00:08:14: FPS = 60.0394
00:08:14: FPS = 60.0394
00:08:14: FPS = 60.0394
00:08:14: FPS = 60.0394
00:08:14: FPS = 60.0394
00:08:14: FPS = 60.0394
00:08:15: FPS = 60.0394
00:08:15: FPS = 60.0394
00:08:15: FPS = 60.0394
00:08:15: FPS = 60.0394
00:08:15: FPS = 60.0394
00:08:15: FPS = 60.0394
00:08:15: FPS = 60.0394
00:08:15: FPS = 60.0394
00:08:15: FPS = 60.0394
00:08:15: FPS = 60.0394
00:08:15: FPS = 60.0394
00:08:15: FPS = 60.0394
00:08:15: FPS = 60.0394
00:08:15: FPS = 60.0394
00:08:15: FPS = 60.0394
00:08:15: FPS = 60.0394
00:08:15: FPS = 60.0394
00:08:15: FPS = 60.0394
00:08:15: FPS = 60.0394
00:08:15: FPS = 60.0394
00:08:15: FPS = 60.0394
00:08:15: FPS = 60.0394
00:08:15: FPS = 60.0394
00:08:15: FPS = 60.0394
00:08:15: FPS = 60.0394
00:08:15: FPS = 60.0394
00:08:15: FPS = 60.0394
00:08:15: FPS = 60.0394
00:08:15: FPS = 60.0394
00:08:15: FPS = 60.0394
00:08:15: FPS = 60.0394
00:08:15: FPS = 60.0394
00:08:15: FPS = 59.9803
00:08:15: FPS = 59.9803
00:08:15: FPS = 59.9803
00:08:15: FPS = 59.9803
00:08:15: FPS = 59.9803
00:08:15: FPS = 59.9803
00:08:15: FPS = 59.9803
00:08:15: FPS = 59.9803
00:08:15: FPS = 59.9803
00:08:15: FPS = 59.9803
00:08:15: FPS = 59.9803
00:08:15: FPS = 59.9803
00:08:15: FPS = 59.9803
00:08:15: FPS = 59.9803
00:08:15: FPS = 59.9803
00:08:15: FPS = 59.9803
00:08:15: FPS = 59.9803
00:08:15: FPS = 59.9803
00:08:15: FPS = 59.9803
00:08:15: FPS = 59.9803
00:08:15: FPS = 59.9803
00:08:15: FPS = 59.9803
00:08:15: FPS = 59.9803
00:08:15: FPS = 59.9803
00:08:15: FPS = 59.9803
00:08:15: FPS = 59.9803
00:08:15: FPS = 59.9803
00:08:15: FPS = 59.9803
00:08:16: FPS = 59.9803
00:08:16: FPS = 59.9803
00:08:16: FPS = 59.9803
00:08:16: FPS = 59.9803
00:08:16: FPS = 59.9803
00:08:16: FPS = 59.9803
00:08:16: FPS = 59.9803
00:08:16: FPS = 59.9803
00:08:16: FPS = 59.9803
00:08:16: FPS = 59.9803
00:08:16: FPS = 59.9803
00:08:16: FPS = 59.9803
00:08:16: FPS = 59.9803
00:08:16: FPS = 59.9803
00:08:16: FPS = 59.9803
00:08:16: FPS = 59.9803
00:08:16: FPS = 59.9803
00:08:16: FPS = 59.9803
00:08:16: FPS = 59.9803
00:08:16: FPS = 59.9803
00:08:16: FPS = 59.9803
00:08:16: FPS = 59.9803
00:08:16: FPS = 59.9803
00:08:16: FPS = 59.9803
00:08:16: FPS = 59.9803
00:08:16: FPS = 59.9803
00:08:16: FPS = 59.9803
00:08:16: FPS = 59.9803
00:08:16: FPS = 59.9803
00:08:16: FPS = 59.9803
00:08:16: FPS = 59.9803
00:08:16: FPS = 59.9803
00:08:16: FPS = 59.9803
00:08:16: FPS = 60.0394
00:08:16: FPS = 60.0394
00:08:16: FPS = 60.0394
00:08:16: FPS = 60.0394
00:08:16: FPS = 60.0394
00:08:16: FPS = 60.0394
00:08:16: FPS = 60.0394
00:08:16: FPS = 60.0394
00:08:16: FPS = 60.0394
00:08:16: FPS = 60.0394
00:08:16: FPS = 60.0394
00:08:16: FPS = 60.0394
00:08:16: FPS = 60.0394
00:08:16: FPS = 60.0394
00:08:16: FPS = 60.0394
00:08:16: FPS = 60.0394
00:08:16: FPS = 60.0394
00:08:16: FPS = 60.0394
00:08:16: FPS = 60.0394
00:08:16: FPS = 60.0394
00:08:16: FPS = 60.0394
00:08:16: FPS = 60.0394
00:08:16: FPS = 60.0394
00:08:16: FPS = 60.0394
00:08:16: FPS = 60.0394
00:08:16: FPS = 60.0394
00:08:16: FPS = 60.0394
00:08:16: FPS = 60.0394
00:08:16: FPS = 60.0394
00:08:16: FPS = 60.0394
00:08:16: FPS = 60.0394
00:08:16: FPS = 60.0394
00:08:16: FPS = 60.0394
00:08:16: FPS = 60.0394
00:08:16: FPS = 60.0394
00:08:16: FPS = 60.0394
00:08:16: FPS = 60.0394
00:08:16: FPS = 60.0394
00:08:16: FPS = 60.0394
00:08:16: FPS = 60.0394
00:08:16: FPS = 60.0394
00:08:16: FPS = 60.0394
00:08:16: FPS = 60.0394
00:08:16: FPS = 60.0394
00:08:16: FPS = 60.0394
00:08:17: FPS = 60.0394
00:08:17: FPS = 60.0394
00:08:17: FPS = 60.0394
00:08:17: FPS = 60.0394
00:08:17: FPS = 60.0394
00:08:17: FPS = 60.0394
00:08:17: FPS = 60.0394
00:08:17: FPS = 60.0394
00:08:17: FPS = 60.0394
00:08:17: FPS = 60.0394
00:08:17: FPS = 60.0394
00:08:17: FPS = 60.0394
00:08:17: FPS = 60.0394
00:08:17: FPS = 60.0394
00:08:17: FPS = 60.0394
00:08:17: FPS = 60.0394
00:08:17: FPS = 60.0394
00:08:17: FPS = 60.0394
00:08:17: FPS = 60.0394
00:08:17: FPS = 60.0394
00:08:17: FPS = 60.0394
00:08:17: FPS = 60.0394
00:08:17: FPS = 60.0394
00:08:17: FPS = 60.0394
00:08:17: FPS = 60.0394
00:08:17: FPS = 60.0394
00:08:17: FPS = 60.0394
00:08:17: FPS = 60.0394
00:08:17: FPS = 60.0394
00:08:17: FPS = 60.0394
00:08:17: FPS = 60.0394
00:08:17: FPS = 60.0394
00:08:17: FPS = 60.0394
00:08:17: FPS = 60.0394
00:08:17: FPS = 60.0394
00:08:17: FPS = 60.0394
00:08:17: FPS = 60.0394
00:08:17: FPS = 60.0394
00:08:17: FPS = 60.0394
00:08:17: FPS = 60.0394
00:08:17: FPS = 60.0394
00:08:17: FPS = 60.0394
00:08:17: FPS = 60.0394
00:08:17: FPS = 60.0394
00:08:17: FPS = 60.0394
00:08:17: FPS = 60.0394
00:08:17: FPS = 60.0394
00:08:17: FPS = 60.0394
00:08:17: FPS = 60.0394
00:08:17: FPS = 60.0394
00:08:17: FPS = 60.0394
00:08:17: FPS = 60.0394
00:08:17: FPS = 60.0394
00:08:17: FPS = 60.0394
00:08:17: FPS = 60.0394
00:08:17: FPS = 60.0394
00:08:17: FPS = 60.0394
00:08:17: FPS = 60.0394
00:08:17: FPS = 60.0394
00:08:17: FPS = 60.0394
00:08:17: FPS = 60.0394
00:08:17: FPS = 60.0394
00:08:17: FPS = 60.0394
00:08:17: FPS = 60.0394
00:08:17: FPS = 60.0394
00:08:17: FPS = 60.0394
00:08:17: FPS = 110.338
00:08:17: FPS = 110.338
00:08:17: FPS = 110.338
00:08:17: FPS = 110.338
00:08:17: FPS = 110.338
00:08:17: FPS = 110.338
00:08:17: FPS = 110.338
00:08:17: FPS = 110.338
00:08:17: FPS = 110.338
00:08:17: FPS = 110.338
00:08:17: FPS = 110.338
00:08:17: FPS = 110.338
00:08:17: FPS = 110.338
00:08:17: FPS = 110.338
00:08:17: FPS = 110.338
00:08:17: FPS = 110.338
00:08:17: FPS = 110.338
00:08:17: FPS = 110.338
00:08:17: FPS = 110.338
00:08:17: FPS = 110.338
00:08:17: FPS = 110.338
00:08:17: FPS = 110.338
00:08:17: FPS = 110.338
00:08:17: FPS = 110.338
00:08:17: FPS = 110.338
00:08:17: FPS = 110.338
00:08:17: FPS = 110.338
00:08:17: FPS = 110.338
00:08:17: FPS = 110.338
00:08:17: FPS = 110.338
00:08:17: FPS = 110.338
00:08:17: FPS = 110.338
00:08:17: FPS = 110.338
00:08:17: FPS = 110.338
00:08:17: FPS = 110.338
00:08:17: FPS = 110.338
00:08:17: FPS = 110.338
00:08:17: FPS = 110.338
00:08:17: FPS = 110.338
00:08:17: FPS = 110.338
00:08:17: FPS = 110.338
00:08:17: FPS = 110.338
00:08:17: FPS = 110.338
00:08:17: FPS = 110.338
00:08:17: FPS = 110.338
00:08:17: FPS = 110.338
00:08:17: FPS = 110.338
00:08:17: FPS = 110.338
00:08:17: FPS = 110.338
00:08:17: FPS = 110.338
00:08:17: FPS = 110.338
00:08:17: FPS = 110.338
00:08:17: FPS = 110.338
00:08:18: FPS = 110.338
00:08:18: FPS = 110.338
00:08:18: FPS = 110.338
00:08:18: FPS = 110.338
00:08:18: FPS = 110.338
00:08:18: FPS = 110.338
00:08:18: FPS = 110.338
00:08:18: FPS = 110.338
00:08:18: FPS = 110.338
00:08:18: FPS = 110.338
00:08:18: FPS = 110.338
00:08:18: FPS = 110.338
00:08:18: FPS = 110.338
00:08:18: FPS = 110.338
00:08:18: FPS = 110.338
00:08:18: FPS = 110.338
00:08:18: FPS = 110.338
00:08:18: FPS = 110.338
00:08:18: FPS = 110.338
00:08:18: FPS = 110.338
00:08:18: FPS = 110.338
00:08:18: FPS = 110.338
00:08:18: FPS = 110.338
00:08:18: FPS = 110.338
00:08:18: FPS = 110.338
00:08:18: FPS = 110.338
00:08:18: FPS = 110.338
00:08:18: FPS = 110.338
00:08:18: FPS = 110.338
00:08:18: FPS = 110.338
00:08:18: FPS = 110.338
00:08:18: FPS = 110.338
00:08:18: FPS = 110.338
00:08:18: FPS = 110.338
00:08:18: FPS = 110.338
00:08:18: FPS = 110.338
00:08:18: FPS = 110.338
00:08:18: FPS = 110.338
00:08:18: FPS = 110.338
00:08:18: FPS = 110.338
00:08:18: FPS = 110.338
00:08:18: FPS = 110.338
00:08:18: FPS = 110.338
00:08:18: FPS = 110.338
00:08:18: FPS = 110.338
00:08:18: FPS = 110.338
00:08:18: FPS = 110.338
00:08:18: FPS = 110.338
00:08:18: FPS = 110.338
00:08:18: FPS = 110.338
00:08:18: FPS = 110.338
00:08:18: FPS = 110.338
00:08:18: FPS = 110.338
00:08:18: FPS = 110.338
00:08:18: FPS = 110.338
00:08:18: FPS = 110.338
00:08:18: FPS = 110.338
00:08:18: FPS = 110.338
00:08:18: FPS = 110.338
00:08:18: FPS = 110.338
00:08:18: FPS = 110.338
00:08:18: FPS = 110.338
00:08:18: FPS = 110.338
00:08:18: FPS = 110.338
00:08:18: FPS = 110.338
00:08:18: FPS = 110.338
00:08:18: FPS = 110.338
00:08:18: FPS = 110.338
00:08:18: FPS = 119.802
00:08:18: FPS = 119.802
00:08:18: FPS = 119.802
00:08:18: FPS = 119.802
00:08:18: FPS = 119.802
00:08:18: FPS = 119.802
00:08:18: FPS = 119.802
00:08:18: FPS = 119.802
00:08:18: FPS = 119.802
00:08:18: FPS = 119.802
00:08:18: FPS = 119.802
00:08:18: FPS = 119.802
00:08:18: FPS = 119.802
00:08:18: FPS = 119.802
00:08:18: FPS = 119.802
00:08:18: FPS = 119.802
00:08:18: FPS = 119.802
00:08:18: FPS = 119.802
00:08:18: FPS = 119.802
00:08:18: FPS = 119.802
00:08:18: FPS = 119.802
00:08:18: FPS = 119.802
00:08:18: FPS = 119.802
00:08:18: FPS = 119.802
00:08:18: FPS = 119.802
00:08:18: FPS = 119.802
00:08:18: FPS = 119.802
00:08:18: FPS = 119.802
00:08:18: FPS = 119.802
00:08:18: FPS = 119.802
00:08:18: FPS = 119.802
00:08:18: FPS = 119.802
00:08:18: FPS = 119.802
00:08:18: FPS = 119.802
00:08:18: FPS = 119.802
00:08:18: FPS = 119.802
00:08:18: FPS = 119.802
00:08:18: FPS = 119.802
00:08:18: FPS = 119.802
00:08:18: FPS = 119.802
00:08:18: FPS = 119.802
00:08:18: FPS = 119.802
00:08:18: FPS = 119.802
00:08:18: FPS = 119.802
00:08:18: FPS = 119.802
00:08:18: FPS = 119.802
00:08:18: FPS = 119.802
00:08:18: FPS = 119.802
00:08:18: FPS = 119.802
00:08:18: FPS = 119.802
00:08:18: FPS = 119.802
00:08:18: FPS = 119.802
00:08:18: FPS = 119.802
00:08:19: FPS = 119.802
00:08:19: FPS = 119.802
00:08:19: FPS = 119.802
00:08:19: FPS = 119.802
00:08:19: FPS = 119.802
00:08:19: FPS = 119.802
00:08:19: FPS = 119.802
00:08:19: FPS = 119.802
00:08:19: FPS = 119.802
00:08:19: FPS = 119.802
00:08:19: FPS = 119.802
00:08:19: FPS = 119.802
00:08:19: FPS = 119.802
00:08:19: FPS = 119.802
00:08:19: FPS = 119.802
00:08:19: FPS = 119.802
00:08:19: FPS = 119.802
00:08:19: FPS = 119.802
00:08:19: FPS = 119.802
00:08:19: FPS = 119.802
00:08:19: FPS = 119.802
00:08:19: FPS = 119.802
00:08:19: FPS = 119.802
00:08:19: FPS = 119.802
00:08:19: FPS = 119.802
00:08:19: FPS = 119.802
00:08:19: FPS = 119.802
00:08:19: FPS = 119.802
00:08:19: FPS = 119.802
00:08:19: FPS = 119.802
00:08:19: FPS = 119.802
00:08:19: FPS = 119.802
00:08:19: FPS = 119.802
00:08:19: FPS = 119.802
00:08:19: FPS = 119.802
00:08:19: FPS = 119.802
00:08:19: FPS = 119.802
00:08:19: FPS = 119.802
00:08:19: FPS = 119.802
00:08:19: FPS = 119.802
00:08:19: FPS = 119.802
00:08:19: FPS = 119.802
00:08:19: FPS = 119.802
00:08:19: FPS = 119.802
00:08:19: FPS = 119.802
00:08:19: FPS = 119.802
00:08:19: FPS = 119.802
00:08:19: FPS = 119.802
00:08:19: FPS = 119.802
00:08:19: FPS = 119.802
00:08:19: FPS = 119.802
00:08:19: FPS = 119.802
00:08:19: FPS = 119.802
00:08:19: FPS = 119.802
00:08:19: FPS = 119.802
00:08:19: FPS = 119.802
00:08:19: FPS = 119.802
00:08:19: FPS = 119.802
00:08:19: FPS = 119.802
00:08:19: FPS = 119.802
00:08:19: FPS = 119.802
00:08:19: FPS = 119.802
00:08:19: FPS = 119.802
00:08:19: FPS = 119.802
00:08:19: FPS = 119.802
00:08:19: FPS = 119.802
00:08:19: FPS = 119.802
00:08:19: FPS = 119.802
00:08:19: FPS = 120.278
00:08:19: FPS = 120.278
00:08:19: FPS = 120.278
00:08:19: FPS = 120.278
00:08:19: FPS = 120.278
00:08:19: FPS = 120.278
00:08:19: FPS = 120.278
00:08:19: FPS = 120.278
00:08:19: FPS = 120.278
00:08:19: FPS = 120.278
00:08:19: FPS = 120.278
00:08:19: FPS = 120.278
00:08:19: FPS = 120.278
00:08:19: FPS = 120.278
00:08:19: FPS = 120.278
00:08:19: FPS = 120.278
00:08:19: FPS = 120.278
00:08:19: FPS = 120.278
00:08:19: FPS = 120.278
00:08:19: FPS = 120.278
00:08:19: FPS = 120.278
00:08:19: FPS = 120.278
00:08:19: FPS = 120.278
00:08:19: FPS = 120.278
00:08:19: FPS = 120.278
00:08:19: FPS = 120.278
00:08:19: FPS = 120.278
00:08:19: FPS = 120.278
00:08:19: FPS = 120.278
00:08:19: FPS = 120.278
00:08:19: FPS = 120.278
00:08:19: FPS = 120.278
00:08:19: FPS = 120.278
00:08:19: FPS = 120.278
00:08:19: FPS = 120.278
00:08:19: FPS = 120.278
00:08:19: FPS = 120.278
00:08:19: FPS = 120.278
00:08:19: FPS = 120.278
00:08:19: FPS = 120.278
00:08:19: FPS = 120.278
00:08:19: FPS = 120.278
00:08:19: FPS = 120.278
00:08:19: FPS = 120.278
00:08:19: FPS = 120.278
00:08:19: FPS = 120.278
00:08:19: FPS = 120.278
00:08:19: FPS = 120.278
00:08:19: FPS = 120.278
00:08:19: FPS = 120.278
00:08:19: FPS = 120.278
00:08:19: FPS = 120.278
00:08:20: FPS = 120.278
00:08:20: FPS = 120.278
00:08:20: FPS = 120.278
00:08:20: FPS = 120.278
00:08:20: FPS = 120.278
00:08:20: FPS = 120.278
00:08:20: FPS = 120.278
00:08:20: FPS = 120.278
00:08:20: FPS = 120.278
00:08:20: FPS = 120.278
00:08:20: FPS = 120.278
00:08:20: FPS = 120.278
00:08:20: FPS = 120.278
00:08:20: FPS = 120.278
00:08:20: FPS = 120.278
00:08:20: FPS = 120.278
00:08:20: FPS = 120.278
00:08:20: FPS = 120.278
00:08:20: FPS = 120.278
00:08:20: FPS = 120.278
00:08:20: FPS = 120.278
00:08:20: FPS = 120.278
00:08:20: FPS = 120.278
00:08:20: FPS = 120.278
00:08:20: FPS = 120.278
00:08:20: FPS = 120.278
00:08:20: FPS = 120.278
00:08:20: FPS = 120.278
00:08:20: FPS = 120.278
00:08:20: FPS = 120.278
00:08:20: FPS = 120.278
00:08:20: FPS = 120.278
00:08:20: FPS = 120.278
00:08:20: FPS = 120.278
00:08:20: FPS = 120.278
00:08:20: FPS = 120.278
00:08:20: FPS = 120.278
00:08:20: FPS = 120.278
00:08:20: FPS = 120.278
00:08:20: FPS = 120.278
00:08:20: FPS = 120.278
00:08:20: FPS = 120.278
00:08:20: FPS = 120.278
00:08:20: FPS = 120.278
00:08:20: FPS = 120.278
00:08:20: FPS = 120.278
00:08:20: FPS = 120.278
00:08:20: FPS = 120.278
00:08:20: FPS = 120.278
00:08:20: FPS = 120.278
00:08:20: FPS = 120.278
00:08:20: FPS = 120.278
00:08:20: FPS = 120.278
00:08:20: FPS = 120.278
00:08:20: FPS = 120.278
00:08:20: FPS = 120.278
00:08:20: FPS = 120.278
00:08:20: FPS = 120.278
00:08:20: FPS = 120.278
00:08:20: FPS = 120.278
00:08:20: FPS = 120.278
00:08:20: FPS = 120.278
00:08:20: FPS = 120.278
00:08:20: FPS = 120.278
00:08:20: FPS = 120.278
00:08:20: FPS = 120.278
00:08:20: FPS = 120.278
00:08:20: FPS = 120.278
00:08:20: FPS = 120.278
00:08:20: FPS = 119.802
00:08:20: FPS = 119.802
00:08:20: FPS = 119.802
00:08:20: FPS = 119.802
00:08:20: FPS = 119.802
00:08:20: FPS = 119.802
00:08:20: FPS = 119.802
00:08:20: FPS = 119.802
00:08:20: FPS = 119.802
00:08:20: FPS = 119.802
00:08:20: FPS = 119.802
00:08:20: FPS = 119.802
00:08:20: FPS = 119.802
00:08:20: FPS = 119.802
00:08:20: FPS = 119.802
00:08:20: FPS = 119.802
00:08:20: FPS = 119.802
00:08:20: FPS = 119.802
00:08:20: FPS = 119.802
00:08:20: FPS = 119.802
00:08:20: FPS = 119.802
00:08:20: FPS = 119.802
00:08:20: FPS = 119.802
00:08:20: FPS = 119.802
00:08:20: FPS = 119.802
00:08:20: FPS = 119.802
00:08:20: FPS = 119.802
00:08:20: FPS = 119.802
00:08:20: FPS = 119.802
00:08:20: FPS = 119.802
00:08:20: FPS = 119.802
00:08:20: FPS = 119.802
00:08:20: FPS = 119.802
00:08:20: FPS = 119.802
00:08:20: FPS = 119.802
00:08:20: FPS = 119.802
00:08:20: FPS = 119.802
00:08:20: FPS = 119.802
00:08:20: FPS = 119.802
00:08:20: FPS = 119.802
00:08:20: FPS = 119.802
00:08:20: FPS = 119.802
00:08:20: FPS = 119.802
00:08:20: FPS = 119.802
00:08:20: FPS = 119.802
00:08:20: FPS = 119.802
00:08:20: FPS = 119.802
00:08:20: FPS = 119.802
00:08:20: FPS = 119.802
00:08:20: FPS = 119.802
00:08:20: FPS = 119.802
00:08:21: FPS = 119.802
00:08:21: FPS = 119.802
00:08:21: FPS = 119.802
00:08:21: FPS = 119.802
00:08:21: FPS = 119.802
00:08:21: FPS = 119.802
00:08:21: FPS = 119.802
00:08:21: FPS = 119.802
00:08:21: FPS = 119.802
00:08:21: FPS = 119.802
00:08:21: FPS = 119.802
00:08:21: FPS = 119.802
00:08:21: FPS = 119.802
00:08:21: FPS = 119.802
00:08:21: FPS = 119.802
00:08:21: FPS = 119.802
00:08:21: FPS = 119.802
00:08:21: FPS = 119.802
00:08:21: FPS = 119.802
00:08:21: FPS = 119.802
00:08:21: FPS = 119.802
00:08:21: FPS = 119.802
00:08:21: FPS = 119.802
00:08:21: FPS = 119.802
00:08:21: FPS = 119.802
00:08:21: FPS = 119.802
00:08:21: FPS = 119.802
00:08:21: FPS = 119.802
00:08:21: FPS = 119.802
00:08:21: FPS = 119.802
00:08:21: FPS = 119.802
00:08:21: FPS = 119.802
00:08:21: FPS = 119.802
00:08:21: FPS = 119.802
00:08:21: FPS = 119.802
00:08:21: FPS = 119.802
00:08:21: FPS = 119.802
00:08:21: FPS = 119.802
00:08:21: FPS = 119.802
00:08:21: FPS = 119.802
00:08:21: FPS = 119.802
00:08:21: FPS = 119.802
00:08:21: FPS = 119.802
00:08:21: FPS = 119.802
00:08:21: FPS = 119.802
00:08:21: FPS = 119.802
00:08:21: FPS = 119.802
00:08:21: FPS = 119.802
00:08:21: FPS = 119.802
00:08:21: FPS = 119.802
00:08:21: FPS = 119.802
00:08:21: FPS = 119.802
00:08:21: FPS = 119.802
00:08:21: FPS = 119.802
00:08:21: FPS = 119.802
00:08:21: FPS = 119.802
00:08:21: FPS = 119.802
00:08:21: FPS = 119.802
00:08:21: FPS = 119.802
00:08:21: FPS = 119.802
00:08:21: FPS = 119.802
00:08:21: FPS = 119.802
00:08:21: FPS = 119.802
00:08:21: FPS = 119.802
00:08:21: FPS = 119.802
00:08:21: FPS = 119.802
00:08:21: FPS = 119.802
00:08:21: FPS = 119.802
00:08:21: FPS = 119.802
00:08:21: FPS = 119.802
00:08:21: FPS = 120.278
00:08:21: FPS = 120.278
00:08:21: FPS = 120.278
00:08:21: FPS = 120.278
00:08:21: FPS = 120.278
00:08:21: FPS = 120.278
00:08:21: FPS = 120.278
00:08:21: FPS = 120.278
00:08:21: FPS = 120.278
00:08:21: FPS = 120.278
00:08:21: FPS = 120.278
00:08:21: FPS = 120.278
00:08:21: FPS = 120.278
00:08:21: FPS = 120.278
00:08:21: FPS = 120.278
00:08:21: FPS = 120.278
00:08:21: FPS = 120.278
00:08:21: FPS = 120.278
00:08:21: FPS = 120.278
00:08:21: FPS = 120.278
00:08:21: FPS = 120.278
00:08:21: FPS = 120.278
00:08:21: FPS = 120.278
00:08:21: FPS = 120.278
00:08:21: FPS = 120.278
00:08:21: FPS = 120.278
00:08:21: FPS = 120.278
00:08:21: FPS = 120.278
00:08:21: FPS = 120.278
00:08:21: FPS = 120.278
00:08:21: FPS = 120.278
00:08:21: FPS = 120.278
00:08:21: FPS = 120.278
00:08:21: FPS = 120.278
00:08:21: FPS = 120.278
00:08:21: FPS = 120.278
00:08:21: FPS = 120.278
00:08:21: FPS = 120.278
00:08:21: FPS = 120.278
00:08:21: FPS = 120.278
00:08:21: FPS = 120.278
00:08:21: FPS = 120.278
00:08:21: FPS = 120.278
00:08:21: FPS = 120.278
00:08:21: FPS = 120.278
00:08:21: FPS = 120.278
00:08:21: FPS = 120.278
00:08:21: FPS = 120.278
00:08:21: FPS = 120.278
00:08:21: FPS = 120.278
00:08:22: FPS = 120.278
00:08:22: FPS = 120.278
00:08:22: FPS = 120.278
00:08:22: FPS = 120.278
00:08:22: FPS = 120.278
00:08:22: FPS = 120.278
00:08:22: FPS = 120.278
00:08:22: FPS = 120.278
00:08:22: FPS = 120.278
00:08:22: FPS = 120.278
00:08:22: FPS = 120.278
00:08:22: FPS = 120.278
00:08:22: FPS = 120.278
00:08:22: FPS = 120.278
00:08:22: FPS = 120.278
00:08:22: FPS = 120.278
00:08:22: FPS = 120.278
00:08:22: FPS = 120.278
00:08:22: FPS = 120.278
00:08:22: FPS = 120.278
00:08:22: FPS = 120.278
00:08:22: FPS = 120.278
00:08:22: FPS = 120.278
00:08:22: FPS = 120.278
00:08:22: FPS = 120.278
00:08:22: FPS = 120.278
00:08:22: FPS = 120.278
00:08:22: FPS = 120.278
00:08:22: FPS = 120.278
00:08:22: FPS = 120.278
00:08:22: FPS = 120.278
00:08:22: FPS = 120.278
00:08:22: FPS = 120.278
00:08:22: FPS = 120.278
00:08:22: FPS = 120.278
00:08:22: FPS = 120.278
00:08:22: FPS = 120.278
00:08:22: FPS = 120.278
00:08:22: FPS = 120.278
00:08:22: FPS = 120.278
00:08:22: FPS = 120.278
00:08:22: FPS = 120.278
00:08:22: FPS = 120.278
00:08:22: FPS = 120.278
00:08:22: FPS = 120.278
00:08:22: FPS = 120.278
00:08:22: FPS = 120.278
00:08:22: FPS = 120.278
00:08:22: FPS = 120.278
00:08:22: FPS = 120.278
00:08:22: FPS = 120.278
00:08:22: FPS = 120.278
00:08:22: FPS = 120.278
00:08:22: FPS = 120.278
00:08:22: FPS = 120.278
00:08:22: FPS = 120.278
00:08:22: FPS = 120.278
00:08:22: FPS = 120.278
00:08:22: FPS = 120.278
00:08:22: FPS = 120.278
00:08:22: FPS = 120.278
00:08:22: FPS = 120.278
00:08:22: FPS = 120.278
00:08:22: FPS = 120.278
00:08:22: FPS = 120.278
00:08:22: FPS = 120.278
00:08:22: FPS = 120.278
00:08:22: FPS = 120.278
00:08:22: FPS = 120.278
00:08:22: FPS = 120.278
00:08:22: FPS = 120.278
00:08:22: FPS = 119.802
00:08:22: FPS = 119.802
00:08:22: FPS = 119.802
00:08:22: FPS = 119.802
00:08:22: FPS = 119.802
00:08:22: FPS = 119.802
00:08:22: FPS = 119.802
00:08:22: FPS = 119.802
00:08:22: FPS = 119.802
00:08:22: FPS = 119.802
00:08:22: FPS = 119.802
00:08:22: FPS = 119.802
00:08:22: FPS = 119.802
00:08:22: FPS = 119.802
00:08:22: FPS = 119.802
00:08:22: FPS = 119.802
00:08:22: FPS = 119.802
00:08:22: FPS = 119.802
00:08:22: FPS = 119.802
00:08:22: FPS = 119.802
00:08:22: FPS = 119.802
00:08:22: FPS = 119.802
00:08:22: FPS = 119.802
00:08:22: FPS = 119.802
00:08:22: FPS = 119.802
00:08:22: FPS = 119.802
00:08:22: FPS = 119.802
00:08:22: FPS = 119.802
00:08:22: FPS = 119.802
00:08:22: FPS = 119.802
00:08:22: FPS = 119.802
00:08:22: FPS = 119.802
00:08:22: FPS = 119.802
00:08:22: FPS = 119.802
00:08:22: FPS = 119.802
00:08:22: FPS = 119.802
00:08:22: FPS = 119.802
00:08:22: FPS = 119.802
00:08:22: FPS = 119.802
00:08:22: FPS = 119.802
00:08:22: FPS = 119.802
00:08:22: FPS = 119.802
00:08:22: FPS = 119.802
00:08:22: FPS = 119.802
00:08:22: FPS = 119.802
00:08:22: FPS = 119.802
00:08:22: FPS = 119.802
00:08:22: FPS = 119.802
00:08:22: FPS = 119.802
00:08:23: FPS = 119.802
00:08:23: FPS = 119.802
00:08:23: FPS = 119.802
00:08:23: FPS = 119.802
00:08:23: FPS = 119.802
00:08:23: FPS = 119.802
00:08:23: FPS = 119.802
00:08:23: FPS = 119.802
00:08:23: FPS = 119.802
00:08:23: FPS = 119.802
00:08:23: FPS = 119.802
00:08:23: FPS = 119.802
00:08:23: FPS = 119.802
00:08:23: FPS = 119.802
00:08:23: FPS = 119.802
00:08:23: FPS = 119.802
00:08:23: FPS = 119.802
00:08:23: FPS = 119.802
00:08:23: FPS = 119.802
00:08:23: FPS = 119.802
00:08:23: FPS = 119.802
00:08:23: FPS = 119.802
00:08:23: FPS = 119.802
00:08:23: FPS = 119.802
00:08:23: FPS = 119.802
00:08:23: FPS = 119.802
00:08:23: FPS = 119.802
00:08:23: FPS = 119.802
00:08:23: FPS = 119.802
00:08:23: FPS = 119.802
00:08:23: FPS = 119.802
00:08:23: FPS = 119.802
00:08:23: FPS = 119.802
00:08:23: FPS = 119.802
00:08:23: FPS = 119.802
00:08:23: FPS = 119.802
00:08:23: FPS = 119.802
00:08:23: FPS = 119.802
00:08:23: FPS = 119.802
00:08:23: FPS = 119.802
00:08:23: FPS = 119.802
00:08:23: FPS = 119.802
00:08:23: FPS = 119.802
00:08:23: FPS = 119.802
00:08:23: FPS = 119.802
00:08:23: FPS = 119.802
00:08:23: FPS = 119.802
00:08:23: FPS = 119.802
00:08:23: FPS = 119.802
00:08:23: FPS = 119.802
00:08:23: FPS = 119.802
00:08:23: FPS = 119.802
00:08:23: FPS = 119.802
00:08:23: FPS = 119.802
00:08:23: FPS = 119.802
00:08:23: FPS = 119.802
00:08:23: FPS = 119.802
00:08:23: FPS = 119.802
00:08:23: FPS = 119.802
00:08:23: FPS = 119.802
00:08:23: FPS = 119.802
00:08:23: FPS = 119.802
00:08:23: FPS = 119.802
00:08:23: FPS = 119.802
00:08:23: FPS = 119.802
00:08:23: FPS = 119.802
00:08:23: FPS = 119.802
00:08:23: FPS = 119.802
00:08:23: FPS = 119.802
00:08:23: FPS = 119.802
00:08:23: FPS = 119.802
00:08:23: FPS = 119.802
00:08:23: FPS = 120.278
00:08:23: FPS = 120.278
00:08:23: FPS = 120.278
00:08:23: FPS = 120.278
00:08:23: FPS = 120.278
00:08:23: FPS = 120.278
00:08:23: FPS = 120.278
00:08:23: FPS = 120.278
00:08:23: FPS = 120.278
00:08:23: FPS = 120.278
00:08:23: FPS = 120.278
00:08:23: FPS = 120.278
00:08:23: FPS = 120.278
00:08:23: FPS = 120.278
00:08:23: FPS = 120.278
00:08:23: FPS = 120.278
00:08:23: FPS = 120.278
00:08:23: FPS = 120.278
00:08:23: FPS = 120.278
00:08:23: FPS = 120.278
00:08:23: FPS = 120.278
00:08:23: FPS = 120.278
00:08:23: FPS = 120.278
00:08:23: FPS = 120.278
00:08:23: FPS = 120.278
00:08:23: FPS = 120.278
00:08:23: FPS = 120.278
00:08:23: FPS = 120.278
00:08:23: FPS = 120.278
00:08:23: FPS = 120.278
00:08:23: FPS = 120.278
00:08:23: FPS = 120.278
00:08:23: FPS = 120.278
00:08:23: FPS = 120.278
00:08:23: FPS = 120.278
00:08:23: FPS = 120.278
00:08:23: FPS = 120.278
00:08:23: FPS = 120.278
00:08:23: FPS = 120.278
00:08:23: FPS = 120.278
00:08:23: FPS = 120.278
00:08:23: FPS = 120.278
00:08:23: FPS = 120.278
00:08:23: FPS = 120.278
00:08:23: FPS = 120.278
00:08:23: FPS = 120.278
00:08:23: FPS = 120.278
00:08:23: FPS = 120.278
00:08:24: FPS = 120.278
00:08:24: FPS = 120.278
00:08:24: FPS = 120.278
00:08:24: FPS = 120.278
00:08:24: FPS = 120.278
00:08:24: FPS = 120.278
00:08:24: FPS = 120.278
00:08:24: FPS = 120.278
00:08:24: FPS = 120.278
00:08:24: FPS = 120.278
00:08:24: FPS = 120.278
00:08:24: FPS = 120.278
00:08:24: FPS = 120.278
00:08:24: FPS = 120.278
00:08:24: FPS = 120.278
00:08:24: FPS = 120.278
00:08:24: FPS = 120.278
00:08:24: FPS = 120.278
00:08:24: FPS = 120.278
00:08:24: FPS = 120.278
00:08:24: FPS = 120.278
00:08:24: FPS = 120.278
00:08:24: FPS = 120.278
00:08:24: FPS = 120.278
00:08:24: FPS = 120.278
00:08:24: FPS = 120.278
00:08:24: FPS = 120.278
00:08:24: FPS = 120.278
00:08:24: FPS = 120.278
00:08:24: FPS = 120.278
00:08:24: FPS = 120.278
00:08:24: FPS = 120.278
00:08:24: FPS = 120.278
00:08:24: FPS = 120.278
00:08:24: FPS = 120.278
00:08:24: FPS = 120.278
00:08:24: FPS = 120.278
00:08:24: FPS = 120.278
00:08:24: FPS = 120.278
00:08:24: FPS = 120.278
00:08:24: FPS = 120.278
00:08:24: FPS = 120.278
00:08:24: FPS = 120.278
00:08:24: FPS = 120.278
00:08:24: FPS = 120.278
00:08:24: FPS = 120.278
00:08:24: FPS = 120.278
00:08:24: FPS = 120.278
00:08:24: FPS = 120.278
00:08:24: FPS = 120.278
00:08:24: FPS = 120.278
00:08:24: FPS = 120.278
00:08:24: FPS = 120.278
00:08:24: FPS = 120.278
00:08:24: FPS = 120.278
00:08:24: FPS = 120.278
00:08:24: FPS = 120.278
00:08:24: FPS = 120.278
00:08:24: FPS = 120.278
00:08:24: FPS = 120.278
00:08:24: FPS = 120.278
00:08:24: FPS = 120.278
00:08:24: FPS = 120.278
00:08:24: FPS = 120.278
00:08:24: FPS = 120.278
00:08:24: FPS = 120.278
00:08:24: FPS = 120.278
00:08:24: FPS = 120.278
00:08:24: FPS = 120.278
00:08:24: FPS = 120.278
00:08:24: FPS = 120.278
00:08:24: FPS = 120.278
00:08:24: FPS = 120.278
00:08:24: FPS = 119.802
00:08:24: FPS = 119.802
00:08:24: FPS = 119.802
00:08:24: FPS = 119.802
00:08:24: FPS = 119.802
00:08:24: FPS = 119.802
00:08:24: FPS = 119.802
00:08:24: FPS = 119.802
00:08:24: FPS = 119.802
00:08:24: FPS = 119.802
00:08:24: FPS = 119.802
00:08:24: FPS = 119.802
00:08:24: FPS = 119.802
00:08:24: FPS = 119.802
00:08:24: FPS = 119.802
00:08:24: FPS = 119.802
00:08:24: FPS = 119.802
00:08:24: FPS = 119.802
00:08:24: FPS = 119.802
00:08:24: FPS = 119.802
00:08:24: FPS = 119.802
00:08:24: FPS = 119.802
00:08:24: FPS = 119.802
00:08:24: FPS = 119.802
00:08:24: FPS = 119.802
00:08:24: FPS = 119.802
00:08:24: FPS = 119.802
00:08:24: FPS = 119.802
00:08:24: FPS = 119.802
00:08:24: FPS = 119.802
00:08:24: FPS = 119.802
00:08:24: FPS = 119.802
00:08:24: FPS = 119.802
00:08:24: FPS = 119.802
00:08:24: FPS = 119.802
00:08:24: FPS = 119.802
00:08:24: FPS = 119.802
00:08:24: FPS = 119.802
00:08:24: FPS = 119.802
00:08:24: FPS = 119.802
00:08:24: FPS = 119.802
00:08:24: FPS = 119.802
00:08:24: FPS = 119.802
00:08:24: FPS = 119.802
00:08:24: FPS = 119.802
00:08:24: FPS = 119.802
00:08:24: FPS = 119.802
00:08:25: FPS = 119.802
00:08:25: FPS = 119.802
00:08:25: FPS = 119.802
00:08:25: FPS = 119.802
00:08:25: FPS = 119.802
00:08:25: FPS = 119.802
00:08:25: FPS = 119.802
00:08:25: FPS = 119.802
00:08:25: FPS = 119.802
00:08:25: FPS = 119.802
00:08:25: FPS = 119.802
00:08:25: FPS = 119.802
00:08:25: FPS = 119.802
00:08:25: FPS = 119.802
00:08:25: FPS = 119.802
00:08:25: FPS = 119.802
00:08:25: FPS = 119.802
00:08:25: FPS = 119.802
00:08:25: FPS = 119.802
00:08:25: FPS = 119.802
00:08:25: FPS = 119.802
00:08:25: FPS = 119.802
00:08:25: FPS = 119.802
00:08:25: FPS = 119.802
00:08:25: FPS = 119.802
00:08:25: FPS = 119.802
00:08:25: FPS = 119.802
00:08:25: FPS = 119.802
00:08:25: FPS = 119.802
00:08:25: FPS = 119.802
00:08:25: FPS = 119.802
00:08:25: FPS = 119.802
00:08:25: FPS = 119.802
00:08:25: FPS = 119.802
00:08:25: FPS = 119.802
00:08:25: FPS = 119.802
00:08:25: FPS = 119.802
00:08:25: FPS = 119.802
00:08:25: FPS = 119.802
00:08:25: FPS = 119.802
00:08:25: FPS = 119.802
00:08:25: FPS = 119.802
00:08:25: FPS = 119.802
00:08:25: FPS = 119.802
00:08:25: FPS = 119.802
00:08:25: FPS = 119.802
00:08:25: FPS = 119.802
00:08:25: FPS = 119.802
00:08:25: FPS = 119.802
00:08:25: FPS = 119.802
00:08:25: FPS = 119.802
00:08:25: FPS = 119.802
00:08:25: FPS = 119.802
00:08:25: FPS = 119.802
00:08:25: FPS = 119.802
00:08:25: FPS = 119.802
00:08:25: FPS = 119.802
00:08:25: FPS = 119.802
00:08:25: FPS = 119.802
00:08:25: FPS = 119.802
00:08:25: FPS = 119.802
00:08:25: FPS = 119.802
00:08:25: FPS = 119.802
00:08:25: FPS = 119.802
00:08:25: FPS = 119.802
00:08:25: FPS = 119.802
00:08:25: FPS = 119.802
00:08:25: FPS = 119.802
00:08:25: FPS = 119.802
00:08:25: FPS = 119.802
00:08:25: FPS = 119.802
00:08:25: FPS = 119.802
00:08:25: FPS = 119.802
00:08:25: FPS = 119.802
00:08:25: FPS = 120.278
00:08:25: FPS = 120.278
00:08:25: FPS = 120.278
00:08:25: FPS = 120.278
00:08:25: FPS = 120.278
00:08:25: FPS = 120.278
00:08:25: FPS = 120.278
00:08:25: FPS = 120.278
00:08:25: FPS = 120.278
00:08:25: FPS = 120.278
00:08:25: FPS = 120.278
00:08:25: FPS = 120.278
00:08:25: FPS = 120.278
00:08:25: FPS = 120.278
00:08:25: FPS = 120.278
00:08:25: FPS = 120.278
00:08:25: FPS = 120.278
00:08:25: FPS = 120.278
00:08:25: FPS = 120.278
00:08:25: FPS = 120.278
00:08:25: FPS = 120.278
00:08:25: FPS = 120.278
00:08:25: FPS = 120.278
00:08:25: FPS = 120.278
00:08:25: FPS = 120.278
00:08:25: FPS = 120.278
00:08:25: FPS = 120.278
00:08:25: FPS = 120.278
00:08:25: FPS = 120.278
00:08:25: FPS = 120.278
00:08:25: FPS = 120.278
00:08:25: FPS = 120.278
00:08:25: FPS = 120.278
00:08:25: FPS = 120.278
00:08:25: FPS = 120.278
00:08:25: FPS = 120.278
00:08:25: FPS = 120.278
00:08:25: FPS = 120.278
00:08:25: FPS = 120.278
00:08:25: FPS = 120.278
00:08:25: FPS = 120.278
00:08:25: FPS = 120.278
00:08:25: FPS = 120.278
00:08:25: FPS = 120.278
00:08:25: FPS = 120.278
00:08:25: FPS = 120.278
00:08:26: FPS = 120.278
00:08:26: FPS = 120.278
00:08:26: FPS = 120.278
00:08:26: FPS = 120.278
00:08:26: FPS = 120.278
00:08:26: FPS = 120.278
00:08:26: FPS = 120.278
00:08:26: FPS = 120.278
00:08:26: FPS = 120.278
00:08:26: FPS = 120.278
00:08:26: FPS = 120.278
00:08:26: FPS = 120.278
00:08:26: FPS = 120.278
00:08:26: FPS = 120.278
00:08:26: FPS = 120.278
00:08:26: FPS = 120.278
00:08:26: FPS = 120.278
00:08:26: FPS = 120.278
00:08:26: FPS = 120.278
00:08:26: FPS = 120.278
00:08:26: FPS = 120.278
00:08:26: FPS = 120.278
00:08:26: FPS = 120.278
00:08:26: FPS = 120.278
00:08:26: FPS = 120.278
00:08:26: FPS = 120.278
00:08:26: FPS = 120.278
00:08:26: FPS = 120.278
00:08:26: FPS = 120.278
00:08:26: FPS = 120.278
00:08:26: FPS = 120.278
00:08:26: FPS = 120.278
00:08:26: FPS = 120.278
00:08:26: FPS = 120.278
00:08:26: FPS = 120.278
00:08:26: FPS = 120.278
00:08:26: FPS = 120.278
00:08:26: FPS = 120.278
00:08:26: FPS = 120.278
00:08:26: FPS = 120.278
00:08:26: FPS = 120.278
00:08:26: FPS = 120.278
00:08:26: FPS = 120.278
00:08:26: FPS = 120.278
00:08:26: FPS = 120.278
00:08:26: FPS = 120.278
00:08:26: FPS = 120.278
00:08:26: FPS = 120.278
00:08:26: FPS = 120.278
00:08:26: FPS = 120.278
00:08:26: FPS = 120.278
00:08:26: FPS = 120.278
00:08:26: FPS = 120.278
00:08:26: FPS = 120.278
00:08:26: FPS = 120.278
00:08:26: FPS = 120.278
00:08:26: FPS = 120.278
00:08:26: FPS = 120.278
00:08:26: FPS = 120.278
00:08:26: FPS = 120.278
00:08:26: FPS = 120.278
00:08:26: FPS = 120.278
00:08:26: FPS = 120.278
00:08:26: FPS = 120.278
00:08:26: FPS = 120.278
00:08:26: FPS = 120.278
00:08:26: FPS = 120.278
00:08:26: FPS = 120.278
00:08:26: FPS = 120.278
00:08:26: FPS = 120.278
00:08:26: FPS = 120.278
00:08:26: FPS = 120.278
00:08:26: FPS = 120.278
00:08:26: FPS = 120.278
00:08:26: FPS = 120.278
00:08:26: FPS = 119.802
00:08:26: FPS = 119.802
00:08:26: FPS = 119.802
00:08:26: FPS = 119.802
00:08:26: FPS = 119.802
00:08:26: FPS = 119.802
00:08:26: FPS = 119.802
00:08:26: FPS = 119.802
00:08:26: FPS = 119.802
00:08:26: FPS = 119.802
00:08:26: FPS = 119.802
00:08:26: FPS = 119.802
00:08:26: FPS = 119.802
00:08:26: FPS = 119.802
00:08:26: FPS = 119.802
00:08:26: FPS = 119.802
00:08:26: FPS = 119.802
00:08:26: FPS = 119.802
00:08:26: FPS = 119.802
00:08:26: FPS = 119.802
00:08:26: FPS = 119.802
00:08:26: FPS = 119.802
00:08:26: FPS = 119.802
00:08:26: FPS = 119.802
00:08:26: FPS = 119.802
00:08:26: FPS = 119.802
00:08:26: FPS = 119.802
00:08:26: FPS = 119.802
00:08:26: FPS = 119.802
00:08:26: FPS = 119.802
00:08:26: FPS = 119.802
00:08:26: FPS = 119.802
00:08:26: FPS = 119.802
00:08:26: FPS = 119.802
00:08:26: FPS = 119.802
00:08:26: FPS = 119.802
00:08:26: FPS = 119.802
00:08:26: FPS = 119.802
00:08:26: FPS = 119.802
00:08:26: FPS = 119.802
00:08:26: FPS = 119.802
00:08:26: FPS = 119.802
00:08:26: FPS = 119.802
00:08:26: FPS = 119.802
00:08:26: FPS = 119.802
00:08:27: FPS = 119.802
00:08:27: FPS = 119.802
00:08:27: FPS = 119.802
00:08:27: FPS = 119.802
00:08:27: FPS = 119.802
00:08:27: FPS = 119.802
00:08:27: FPS = 119.802
00:08:27: FPS = 119.802
00:08:27: FPS = 119.802
00:08:27: FPS = 119.802
00:08:27: FPS = 119.802
00:08:27: FPS = 119.802
00:08:27: FPS = 119.802
00:08:27: FPS = 119.802
00:08:27: FPS = 119.802
00:08:27: FPS = 119.802
00:08:27: FPS = 119.802
00:08:27: FPS = 119.802
00:08:27: FPS = 119.802
00:08:27: FPS = 119.802
00:08:27: FPS = 119.802
00:08:27: FPS = 119.802
00:08:27: FPS = 119.802
00:08:27: FPS = 119.802
00:08:27: FPS = 119.802
00:08:27: FPS = 119.802
00:08:27: FPS = 119.802
00:08:27: FPS = 119.802
00:08:27: FPS = 119.802
00:08:27: FPS = 119.802
00:08:27: FPS = 119.802
00:08:27: FPS = 119.802
00:08:27: FPS = 119.802
00:08:27: FPS = 119.802
00:08:27: FPS = 119.802
00:08:27: FPS = 119.802
00:08:27: FPS = 119.802
00:08:27: FPS = 119.802
00:08:27: FPS = 119.802
00:08:27: FPS = 119.802
00:08:27: FPS = 119.802
00:08:27: FPS = 119.802
00:08:27: FPS = 119.802
00:08:27: FPS = 119.802
00:08:27: FPS = 119.802
00:08:27: FPS = 119.802
00:08:27: FPS = 119.802
00:08:27: FPS = 119.802
00:08:27: FPS = 119.802
00:08:27: FPS = 119.802
00:08:27: FPS = 119.802
00:08:27: FPS = 119.802
00:08:27: FPS = 119.802
00:08:27: FPS = 119.802
00:08:27: FPS = 119.802
00:08:27: FPS = 119.802
00:08:27: FPS = 119.802
00:08:27: FPS = 119.802
00:08:27: FPS = 119.802
00:08:27: FPS = 119.802
00:08:27: FPS = 119.802
00:08:27: FPS = 119.802
00:08:27: FPS = 119.802
00:08:27: FPS = 119.802
00:08:27: FPS = 119.802
00:08:27: FPS = 119.802
00:08:27: FPS = 119.802
00:08:27: FPS = 119.802
00:08:27: FPS = 119.802
00:08:27: FPS = 119.802
00:08:27: FPS = 119.802
00:08:27: FPS = 119.802
00:08:27: FPS = 119.802
00:08:27: FPS = 119.802
00:08:27: FPS = 119.802
00:08:27: FPS = 119.802
00:08:27: FPS = 120.278
00:08:27: FPS = 120.278
00:08:27: FPS = 120.278
00:08:27: FPS = 120.278
00:08:27: FPS = 120.278
00:08:27: FPS = 120.278
00:08:27: FPS = 120.278
00:08:27: FPS = 120.278
00:08:27: FPS = 120.278
00:08:27: FPS = 120.278
00:08:27: FPS = 120.278
00:08:27: FPS = 120.278
00:08:27: FPS = 120.278
00:08:27: FPS = 120.278
00:08:27: FPS = 120.278
00:08:27: FPS = 120.278
00:08:27: FPS = 120.278
00:08:27: FPS = 120.278
00:08:27: FPS = 120.278
00:08:27: FPS = 120.278
00:08:27: FPS = 120.278
00:08:27: FPS = 120.278
00:08:27: FPS = 120.278
00:08:27: FPS = 120.278
00:08:27: FPS = 120.278
00:08:27: FPS = 120.278
00:08:27: FPS = 120.278
00:08:27: FPS = 120.278
00:08:27: FPS = 120.278
00:08:27: FPS = 120.278
00:08:27: FPS = 120.278
00:08:27: FPS = 120.278
00:08:27: FPS = 120.278
00:08:27: FPS = 120.278
00:08:27: FPS = 120.278
00:08:27: FPS = 120.278
00:08:27: FPS = 120.278
00:08:27: FPS = 120.278
00:08:27: FPS = 120.278
00:08:27: FPS = 120.278
00:08:27: FPS = 120.278
00:08:27: FPS = 120.278
00:08:27: FPS = 120.278
00:08:27: FPS = 120.278
00:08:28: FPS = 120.278
00:08:28: FPS = 120.278
00:08:28: FPS = 120.278
00:08:28: FPS = 120.278
00:08:28: FPS = 120.278
00:08:28: FPS = 120.278
00:08:28: FPS = 120.278
00:08:28: FPS = 120.278
00:08:28: FPS = 120.278
00:08:28: FPS = 120.278
00:08:28: FPS = 120.278
00:08:28: FPS = 120.278
00:08:28: FPS = 120.278
00:08:28: FPS = 120.278
00:08:28: FPS = 120.278
00:08:28: FPS = 120.278
00:08:28: FPS = 120.278
00:08:28: FPS = 120.278
00:08:28: FPS = 120.278
00:08:28: FPS = 120.278
00:08:28: FPS = 120.278
00:08:28: FPS = 120.278
00:08:28: FPS = 120.278
00:08:28: FPS = 120.278
00:08:28: FPS = 120.278
00:08:28: FPS = 120.278
00:08:28: FPS = 120.278
00:08:28: FPS = 120.278
00:08:28: FPS = 120.278
00:08:28: FPS = 120.278
00:08:28: FPS = 120.278
00:08:28: FPS = 120.278
00:08:28: FPS = 120.278
00:08:28: FPS = 120.278
00:08:28: FPS = 120.278
00:08:28: FPS = 120.278
00:08:28: FPS = 120.278
00:08:28: FPS = 120.278
00:08:28: layerDirection = 
00:08:28: yerDirection = 
00:08:28: FPS = 120.278
00:08:28: FPS = 120.278
00:08:28: FPS = 120.278
00:08:28: FPS = 120.278
00:08:28: FPS = 120.278
00:08:28: FPS = 120.278
00:08:28: FPS = 120.278
00:08:28: FPS = 120.278
00:08:28: FPS = 120.278
00:08:28: FPS = 120.278
00:08:28: FPS = 120.278
00:08:28: FPS = 120.278
00:08:28: FPS = 120.278
00:08:28: FPS = 120.278
00:08:28: FPS = 120.278
00:08:28: FPS = 120.278
00:08:28: FPS = 120.278
00:08:28: FPS = 120.278
00:08:28: FPS = 120.278
00:08:28: FPS = 120.278
00:08:28: FPS = 120.278
00:08:28: FPS = 120.278
00:08:28: FPS = 120.278
00:08:28: FPS = 120.278
00:08:28: FPS = 120.278
00:08:28: FPS = 120.278
00:08:28: FPS = 120.278
00:08:28: FPS = 120.278
00:08:28: FPS = 120.278
00:08:28: FPS = 120.278
00:08:28: FPS = 120.278
00:08:28: FPS = 120.278
00:08:28: FPS = 120.278
00:08:28: FPS = 120.278
00:08:28: FPS = 120.278
00:08:28: FPS = 120.278
00:08:28: FPS = 120.278
00:08:28: FPS = 120.278
00:08:28: FPS = 120.278
00:08:28: FPS = 119.802
00:08:28: FPS = 119.802
00:08:28: FPS = 119.802
00:08:28: FPS = 119.802
00:08:28: FPS = 119.802
00:08:28: FPS = 119.802
00:08:28: FPS = 119.802
00:08:28: FPS = 119.802
00:08:28: FPS = 119.802
00:08:28: FPS = 119.802
00:08:28: FPS = 119.802
00:08:28: FPS = 119.802
00:08:28: FPS = 119.802
00:08:28: FPS = 119.802
00:08:28: FPS = 119.802
00:08:28: FPS = 119.802
00:08:28: FPS = 119.802
00:08:28: FPS = 119.802
00:08:28: FPS = 119.802
00:08:28: FPS = 119.802
00:08:28: FPS = 119.802
00:08:28: FPS = 119.802
00:08:28: FPS = 119.802
00:08:28: FPS = 119.802
00:08:28: FPS = 119.802
00:08:28: FPS = 119.802
00:08:28: FPS = 119.802
00:08:28: FPS = 119.802
00:08:28: FPS = 119.802
00:08:28: FPS = 119.802
00:08:28: FPS = 119.802
00:08:28: FPS = 119.802
00:08:28: FPS = 119.802
00:08:28: FPS = 119.802
00:08:28: FPS = 119.802
00:08:28: FPS = 119.802
00:08:28: FPS = 119.802
00:08:28: FPS = 119.802
00:08:28: FPS = 119.802
00:08:28: FPS = 119.802
00:08:28: FPS = 119.802
00:08:28: FPS = 119.802
00:08:28: FPS = 119.802
00:08:29: FPS = 119.802
00:08:29: FPS = 119.802
00:08:29: FPS = 119.802
00:08:29: FPS = 119.802
00:08:29: FPS = 119.802
00:08:29: FPS = 119.802
00:08:29: FPS = 119.802
00:08:29: FPS = 119.802
00:08:29: FPS = 119.802
00:08:29: FPS = 119.802
00:08:29: FPS = 119.802
00:08:29: FPS = 119.802
00:08:29: FPS = 119.802
00:08:29: FPS = 119.802
00:08:29: FPS = 119.802
00:08:29: FPS = 119.802
00:08:29: FPS = 119.802
00:08:29: FPS = 119.802
00:08:29: FPS = 119.802
00:08:29: FPS = 119.802
00:08:29: FPS = 119.802
00:08:29: FPS = 119.802
00:08:29: FPS = 119.802
00:08:29: FPS = 119.802
00:08:29: FPS = 119.802
00:08:29: FPS = 119.802
00:08:29: FPS = 119.802
00:08:29: FPS = 119.802
00:08:29: FPS = 119.802
00:08:29: FPS = 119.802
00:08:29: FPS = 119.802
00:08:29: FPS = 119.802
00:08:29: FPS = 119.802
00:08:29: FPS = 119.802
00:08:29: FPS = 119.802
00:08:29: FPS = 119.802
00:08:29: FPS = 119.802
00:08:29: FPS = 119.802
00:08:29: FPS = 119.802
00:08:29: FPS = 119.802
00:08:29: FPS = 119.802
00:08:29: FPS = 119.802
00:08:29: FPS = 119.802
00:08:29: FPS = 119.802
00:08:29: FPS = 119.802
00:08:29: FPS = 119.802
00:08:29: FPS = 119.802
00:08:29: FPS = 119.802
00:08:29: FPS = 119.802
00:08:29: FPS = 119.802
00:08:29: FPS = 119.802
00:08:29: FPS = 119.802
00:08:29: FPS = 119.802
00:08:29: FPS = 119.802
00:08:29: FPS = 119.802
00:08:29: FPS = 119.802
00:08:29: FPS = 119.802
00:08:29: FPS = 119.802
00:08:29: FPS = 119.802
00:08:29: FPS = 119.802
00:08:29: FPS = 119.802
00:08:29: FPS = 119.802
00:08:29: FPS = 119.802
00:08:29: FPS = 119.802
00:08:29: FPS = 119.802
00:08:29: FPS = 119.802
00:08:29: FPS = 119.802
00:08:29: FPS = 119.802
00:08:29: FPS = 119.802
00:08:29: FPS = 119.802
00:08:29: FPS = 119.802
00:08:29: FPS = 119.802
00:08:29: FPS = 119.802
00:08:29: FPS = 119.802
00:08:29: FPS = 119.802
00:08:29: FPS = 119.802
00:08:29: FPS = 119.802
00:08:29: FPS = 119.802
00:08:29: FPS = 120.278
00:08:29: FPS = 120.278
00:08:29: FPS = 120.278
00:08:29: FPS = 120.278
00:08:29: FPS = 120.278
00:08:29: FPS = 120.278
00:08:29: FPS = 120.278
00:08:29: FPS = 120.278
00:08:29: FPS = 120.278
00:08:29: FPS = 120.278
00:08:29: FPS = 120.278
00:08:29: FPS = 120.278
00:08:29: FPS = 120.278
00:08:29: FPS = 120.278
00:08:29: FPS = 120.278
00:08:29: FPS = 120.278
00:08:29: FPS = 120.278
00:08:29: FPS = 120.278
00:08:29: FPS = 120.278
00:08:29: FPS = 120.278
00:08:29: FPS = 120.278
00:08:29: FPS = 120.278
00:08:29: FPS = 120.278
00:08:29: FPS = 120.278
00:08:29: FPS = 120.278
00:08:29: FPS = 120.278
00:08:29: FPS = 120.278
00:08:29: FPS = 120.278
00:08:29: FPS = 120.278
00:08:29: FPS = 120.278
00:08:29: FPS = 120.278
00:08:29: FPS = 120.278
00:08:29: FPS = 120.278
00:08:29: FPS = 120.278
00:08:29: FPS = 120.278
00:08:29: FPS = 120.278
00:08:29: FPS = 120.278
00:08:29: FPS = 120.278
00:08:29: FPS = 120.278
00:08:29: FPS = 120.278
00:08:29: FPS = 120.278
00:08:29: FPS = 120.278
00:08:30: FPS = 120.278
00:08:30: FPS = 120.278
00:08:30: FPS = 120.278
00:08:30: FPS = 120.278
00:08:30: FPS = 120.278
00:08:30: FPS = 120.278
00:08:30: FPS = 120.278
00:08:30: FPS = 120.278
00:08:30: FPS = 120.278
00:08:30: FPS = 120.278
00:08:30: FPS = 120.278
00:08:30: FPS = 120.278
00:08:30: FPS = 120.278
00:08:30: FPS = 120.278
00:08:30: FPS = 120.278
00:08:30: FPS = 120.278
00:08:30: FPS = 120.278
00:08:30: FPS = 120.278
00:08:30: FPS = 120.278
00:08:30: FPS = 120.278
00:08:30: FPS = 120.278
00:08:30: FPS = 120.278
00:08:30: FPS = 120.278
00:08:30: FPS = 120.278
00:08:30: FPS = 120.278
00:08:30: FPS = 120.278
00:08:30: FPS = 120.278
00:08:30: FPS = 120.278
00:08:30: FPS = 120.278
00:08:30: FPS = 120.278
00:08:30: FPS = 120.278
00:08:30: FPS = 120.278
00:08:30: FPS = 120.278
00:08:30: FPS = 120.278
00:08:30: FPS = 120.278
00:08:30: FPS = 120.278
00:08:30: FPS = 120.278
00:08:30: FPS = 120.278
00:08:30: FPS = 120.278
00:08:30: FPS = 120.278
00:08:30: FPS = 120.278
00:08:30: FPS = 120.278
00:08:30: FPS = 120.278
00:08:30: FPS = 120.278
00:08:30: FPS = 120.278
00:08:30: FPS = 120.278
00:08:30: FPS = 120.278
00:08:30: FPS = 120.278
00:08:30: FPS = 120.278
00:08:30: FPS = 120.278
00:08:30: FPS = 120.278
00:08:30: FPS = 120.278
00:08:30: FPS = 120.278
00:08:30: FPS = 120.278
00:08:30: FPS = 120.278
00:08:30: FPS = 120.278
00:08:30: FPS = 120.278
00:08:30: FPS = 120.278
00:08:30: FPS = 120.278
00:08:30: FPS = 120.278
00:08:30: FPS = 120.278
00:08:30: FPS = 120.278
00:08:30: FPS = 120.278
00:08:30: FPS = 120.278
00:08:30: FPS = 120.278
00:08:30: FPS = 120.278
00:08:30: FPS = 120.278
00:08:30: FPS = 120.278
00:08:30: FPS = 120.278
00:08:30: FPS = 120.278
00:08:30: FPS = 120.278
00:08:30: FPS = 120.278
00:08:30: FPS = 120.278
00:08:30: FPS = 120.278
00:08:30: FPS = 120.278
00:08:30: FPS = 120.278
00:08:30: FPS = 120.278
00:08:30: FPS = 120.278
00:08:30: FPS = 120.278
